0 info it worked if it ends with ok
1 verbose cli [ 'node', '/opt/local/bin/npm', 'install', 'Mongous' ]
2 info using npm@1.2.16
3 info using node@v0.10.2
4 verbose read json /Users/Lemzo/nodesandbox/FinalProject/package.json
5 verbose read json /Users/Lemzo/nodesandbox/FinalProject/node_modules/express/package.json
6 verbose read json /Users/Lemzo/nodesandbox/FinalProject/node_modules/jade/package.json
7 verbose read json /Users/Lemzo/nodesandbox/FinalProject/node_modules/mongoose/package.json
8 verbose from cache /Users/Lemzo/nodesandbox/FinalProject/package.json
9 verbose readDependencies using package.json deps
10 verbose cache add [ 'Mongous', null ]
11 verbose cache add name=undefined spec="Mongous" args=["Mongous",null]
12 verbose parsed url { protocol: null,
12 verbose parsed url   slashes: null,
12 verbose parsed url   auth: null,
12 verbose parsed url   host: null,
12 verbose parsed url   port: null,
12 verbose parsed url   hostname: null,
12 verbose parsed url   hash: null,
12 verbose parsed url   search: null,
12 verbose parsed url   query: null,
12 verbose parsed url   pathname: 'Mongous',
12 verbose parsed url   path: 'Mongous',
12 verbose parsed url   href: 'Mongous' }
13 silly lockFile 217a88ef-Mongous Mongous
14 verbose lock Mongous /Users/Lemzo/.npm/217a88ef-Mongous.lock
15 silly lockFile 217a88ef-Mongous Mongous
16 silly lockFile 217a88ef-Mongous Mongous
17 verbose addNamed [ 'Mongous', '' ]
18 verbose addNamed [ null, '' ]
19 silly lockFile 71b377de-Mongous Mongous@
20 verbose lock Mongous@ /Users/Lemzo/.npm/71b377de-Mongous.lock
21 silly addNameRange { name: 'Mongous', range: '', hasData: false }
22 verbose url raw Mongous
23 verbose url resolving [ 'https://registry.npmjs.org/', './Mongous' ]
24 verbose url resolved https://registry.npmjs.org/Mongous
25 info trying registry request attempt 1 at 18:35:41
26 http GET https://registry.npmjs.org/Mongous
27 http 404 https://registry.npmjs.org/Mongous
28 silly registry.get cb [ 404,
28 silly registry.get   { server: 'CouchDB/1.3.0 (Erlang OTP/R15B03)',
28 silly registry.get     date: 'Mon, 22 Apr 2013 22:35:42 GMT',
28 silly registry.get     'content-type': 'application/json',
28 silly registry.get     'content-length': '52',
28 silly registry.get     'cache-control': 'must-revalidate' } ]
29 silly lockFile 71b377de-Mongous Mongous@
30 silly lockFile 71b377de-Mongous Mongous@
31 error 404 'Mongous' is not in the npm registry.
31 error 404 You should bug the author to publish it
31 error 404
31 error 404 Note that you can also install from a
31 error 404 tarball, folder, or http url, or git url.
32 error System Darwin 12.2.1
33 error command "node" "/opt/local/bin/npm" "install" "Mongous"
34 error cwd /Users/Lemzo/nodesandbox/FinalProject
35 error node -v v0.10.2
36 error npm -v 1.2.16
37 error code E404
38 verbose exit [ 1, true ]
